[14:39:14] [ServerMain/INFO]: Environment: authHost='https://authserver.mojang.com', accountsHost='https://api.mojang.com', sessionHost='https://sessionserver.mojang.com', servicesHost='https://api.minecraftservices.com', name='PROD'
[14:39:16] [ServerMain/INFO]: Loaded 7 recipes
[14:39:17] [Server thread/INFO]: Starting minecraft server version 1.20.1
[14:39:17] [Server thread/INFO]: Loading properties
[14:39:17] [Server thread/INFO]: This server is running Paper version git-Paper-196 (MC: 1.20.1) (Implementing API version 1.20.1-R0.1-SNAPSHOT) (Git: 773dd72)
[14:39:18] [Server thread/INFO]: Server Ping Player Sample Count: 12
[14:39:18] [Server thread/INFO]: Using 4 threads for Netty based IO
[14:39:18] [Server thread/WARN]: [!] The timings profiler has been enabled but has been scheduled for removal from Paper in the future.
    We recommend installing the spark profiler as a replacement: https://spark.lucko.me/
    For more information please visit: https://github.com/PaperMC/Paper/issues/8948
[14:39:18] [Server thread/INFO]: [ChunkTaskScheduler] Chunk system is using 1 I/O threads, 2 worker threads, and gen parallelism of 2 threads
[14:39:18] [Server thread/INFO]: Default game type: SURVIVAL
[14:39:18] [Server thread/INFO]: Generating keypair
[14:39:19] [Server thread/INFO]: Starting Minecraft server on *:25565
[14:39:19] [Server thread/INFO]: Using default channel type
[14:39:19] [Server thread/INFO]: Paper: Using Java compression from Velocity.
[14:39:19] [Server thread/INFO]: Paper: Using Java cipher from Velocity.
[14:39:19] [Server thread/INFO]: [SpigotLibraryLoader] [RTULib] Loading 2 libraries... please wait
[14:39:19] [Server thread/INFO]: [SpigotLibraryLoader] [RTULib] Loaded library /Users/ipecter/IdeaProjects/RuinedTechnologyUnify/RTULib/run/libraries/net/kyori/adventure-platform-bukkit/4.3.2/adventure-platform-bukkit-4.3.2.jar
[14:39:19] [Server thread/INFO]: [SpigotLibraryLoader] [RTULib] Loaded library /Users/ipecter/IdeaProjects/RuinedTechnologyUnify/RTULib/run/libraries/net/kyori/adventure-platform-api/4.3.2/adventure-platform-api-4.3.2.jar
[14:39:19] [Server thread/INFO]: [SpigotLibraryLoader] [RTULib] Loaded library /Users/ipecter/IdeaProjects/RuinedTechnologyUnify/RTULib/run/libraries/net/kyori/adventure-text-serializer-bungeecord/4.3.2/adventure-text-serializer-bungeecord-4.3.2.jar
[14:39:19] [Server thread/INFO]: [SpigotLibraryLoader] [RTULib] Loaded library /Users/ipecter/IdeaProjects/RuinedTechnologyUnify/RTULib/run/libraries/net/kyori/adventure-text-serializer-legacy/4.13.1/adventure-text-serializer-legacy-4.13.1.jar
[14:39:19] [Server thread/INFO]: [SpigotLibraryLoader] [RTULib] Loaded library /Users/ipecter/IdeaProjects/RuinedTechnologyUnify/RTULib/run/libraries/net/kyori/adventure-nbt/4.13.1/adventure-nbt-4.13.1.jar
[14:39:19] [Server thread/INFO]: [SpigotLibraryLoader] [RTULib] Loaded library /Users/ipecter/IdeaProjects/RuinedTechnologyUnify/RTULib/run/libraries/net/kyori/examination-api/1.3.0/examination-api-1.3.0.jar
[14:39:19] [Server thread/INFO]: [SpigotLibraryLoader] [RTULib] Loaded library /Users/ipecter/IdeaProjects/RuinedTechnologyUnify/RTULib/run/libraries/net/kyori/examination-string/1.3.0/examination-string-1.3.0.jar
[14:39:19] [Server thread/INFO]: [SpigotLibraryLoader] [RTULib] Loaded library /Users/ipecter/IdeaProjects/RuinedTechnologyUnify/RTULib/run/libraries/org/jetbrains/annotations/24.0.1/annotations-24.0.1.jar
[14:39:19] [Server thread/INFO]: [SpigotLibraryLoader] [RTULib] Loaded library /Users/ipecter/IdeaProjects/RuinedTechnologyUnify/RTULib/run/libraries/net/kyori/adventure-text-serializer-gson/4.13.1/adventure-text-serializer-gson-4.13.1.jar
[14:39:19] [Server thread/INFO]: [SpigotLibraryLoader] [RTULib] Loaded library /Users/ipecter/IdeaProjects/RuinedTechnologyUnify/RTULib/run/libraries/net/kyori/adventure-text-serializer-gson-legacy-impl/4.13.1/adventure-text-serializer-gson-legacy-impl-4.13.1.jar
[14:39:19] [Server thread/INFO]: [SpigotLibraryLoader] [RTULib] Loaded library /Users/ipecter/IdeaProjects/RuinedTechnologyUnify/RTULib/run/libraries/net/kyori/adventure-platform-facet/4.3.2/adventure-platform-facet-4.3.2.jar
[14:39:19] [Server thread/INFO]: [SpigotLibraryLoader] [RTULib] Loaded library /Users/ipecter/IdeaProjects/RuinedTechnologyUnify/RTULib/run/libraries/net/kyori/adventure-platform-viaversion/4.3.2/adventure-platform-viaversion-4.3.2.jar
[14:39:19] [Server thread/INFO]: [SpigotLibraryLoader] [RTULib] Loaded library /Users/ipecter/IdeaProjects/RuinedTechnologyUnify/RTULib/run/libraries/net/kyori/adventure-text-minimessage/4.14.0/adventure-text-minimessage-4.14.0.jar
[14:39:19] [Server thread/INFO]: [SpigotLibraryLoader] [RTULib] Loaded library /Users/ipecter/IdeaProjects/RuinedTechnologyUnify/RTULib/run/libraries/net/kyori/adventure-api/4.14.0/adventure-api-4.14.0.jar
[14:39:19] [Server thread/INFO]: [SpigotLibraryLoader] [RTULib] Loaded library /Users/ipecter/IdeaProjects/RuinedTechnologyUnify/RTULib/run/libraries/net/kyori/adventure-key/4.14.0/adventure-key-4.14.0.jar
[14:39:19] [Server thread/INFO]: [RTULib] Loading server plugin RTULib v1.0.0
[14:39:19] [Server thread/INFO]: [PlugManX] Loading server plugin PlugManX v2.3.7
[14:39:19] [Server thread/INFO]: [Treasury] Loading server plugin Treasury v2.0.1-7417830-RELEASE
[14:39:19] [Server thread/INFO]: Server permissions file permissions.yml is empty, ignoring it
[14:39:19] [Server thread/INFO]: [PlugManX] Enabling PlugManX v2.3.7
[14:39:19] [Server thread/WARN]: ~~~~~~~~~~~~~~~~~~~~~~~~~~~~~~~~~~~~~~~~~~~~~~~~~~~~~~~~~~~~~~~~~~~~~~
[14:39:19] [Server thread/WARN]: It seems like you're running on paper.
[14:39:19] [Server thread/WARN]: PlugManX cannot interact with paper-plugins, yet.
[14:39:19] [Server thread/WARN]: Also, if you encounter any issues, please join my discord: https://discord.gg/GxEFhVY6ff
[14:39:19] [Server thread/WARN]: Or create an issue on GitHub: https://github.com/TheBlackEntity/PlugMan
[14:39:19] [Server thread/WARN]: ~~~~~~~~~~~~~~~~~~~~~~~~~~~~~~~~~~~~~~~~~~~~~~~~~~~~~~~~~~~~~~~~~~~~~~
[14:39:19] [Server thread/INFO]: [Treasury] Enabling Treasury v2.0.1-7417830-RELEASE
[14:39:20] [Server thread/INFO]: [Treasury] Running on Bukkit (Paper)
[14:39:20] [Server thread/INFO]: [Treasury] Start-up complete (took 348ms).
[14:39:20] [Server thread/INFO]: Preparing level "world"
[14:39:21] [Server thread/INFO]: Preparing start region for dimension minecraft:overworld
[14:39:21] [Server thread/INFO]: Time elapsed: 758 ms
[14:39:21] [Server thread/INFO]: Preparing start region for dimension minecraft:the_nether
[14:39:21] [Server thread/INFO]: Time elapsed: 133 ms
[14:39:21] [Server thread/INFO]: Preparing start region for dimension minecraft:the_end
[14:39:21] [Server thread/INFO]: Time elapsed: 43 ms
[14:39:21] [Server thread/INFO]: [RTULib] Enabling RTULib v1.0.0
[14:39:23] [Server thread/INFO]: 【 RTULib 】 Enable!
[14:39:23] [Server thread/INFO]: 【 RTULib 】 loading RTUPlugin: RTULib
[14:39:23] [Server thread/INFO]: Running delayed init tasks
[14:39:23] [Server thread/INFO]: Done (6.161s)! For help, type "help"
[14:39:23] [Server thread/INFO]: Timings Reset
[14:40:20] [Server thread/INFO]: Stopping server
[14:40:20] [Server thread/INFO]: [Treasury] Disabling Treasury v2.0.1-7417830-RELEASE
[14:40:20] [Server thread/INFO]: [Treasury] Shut-down complete (took 1ms).
[14:40:20] [Server thread/INFO]: [PlugManX] Disabling PlugManX v2.3.7
[14:40:20] [Server thread/INFO]: [RTULib] Disabling RTULib v1.0.0
[14:40:20] [Server thread/INFO]: 【 RTULib 】 Disable!
[14:40:20] [Server thread/INFO]: 【 RTULib 】 unloading RTUPlugin: RTULib
[14:40:20] [Server thread/INFO]: Saving players
[14:40:20] [Server thread/INFO]: Saving worlds
[14:40:20] [Server thread/INFO]: Saving chunks for level 'ServerLevel[world]'/minecraft:overworld
[14:40:20] [Server thread/INFO]: [ChunkHolderManager] Waiting 60s for chunk system to halt for world 'world'
[14:40:20] [Server thread/INFO]: [ChunkHolderManager] Halted chunk system for world 'world'
[14:40:20] [Server thread/INFO]: [ChunkHolderManager] Saving all chunkholders for world 'world'
[14:40:21] [Server thread/INFO]: [ChunkHolderManager] Saved 529 block chunks, 529 entity chunks, 0 poi chunks in world 'world' in 1.42s
[14:40:21] [Server thread/INFO]: ThreadedAnvilChunkStorage (world): All chunks are saved
[14:40:21] [Server thread/INFO]: Saving chunks for level 'ServerLevel[world_nether]'/minecraft:the_nether
[14:40:21] [Server thread/INFO]: [ChunkHolderManager] Waiting 60s for chunk system to halt for world 'world_nether'
[14:40:21] [Server thread/INFO]: [ChunkHolderManager] Halted chunk system for world 'world_nether'
[14:40:21] [Server thread/INFO]: [ChunkHolderManager] Saving all chunkholders for world 'world_nether'
[14:40:22] [Server thread/INFO]: [ChunkHolderManager] Saved 529 block chunks, 529 entity chunks, 0 poi chunks in world 'world_nether' in 0.53s
[14:40:22] [Server thread/INFO]: ThreadedAnvilChunkStorage (DIM-1): All chunks are saved
[14:40:22] [Server thread/INFO]: Saving chunks for level 'ServerLevel[world_the_end]'/minecraft:the_end
[14:40:22] [Server thread/INFO]: [ChunkHolderManager] Waiting 60s for chunk system to halt for world 'world_the_end'
[14:40:22] [Server thread/INFO]: [ChunkHolderManager] Halted chunk system for world 'world_the_end'
[14:40:22] [Server thread/INFO]: [ChunkHolderManager] Saving all chunkholders for world 'world_the_end'
[14:40:22] [Server thread/INFO]: [ChunkHolderManager] Saved 529 block chunks, 529 entity chunks, 0 poi chunks in world 'world_the_end' in 0.14s
[14:40:22] [Server thread/INFO]: ThreadedAnvilChunkStorage (DIM1): All chunks are saved
[14:40:22] [Server thread/INFO]: ThreadedAnvilChunkStorage: All dimensions are saved
[14:40:22] [Server thread/INFO]: Flushing Chunk IO
[14:40:22] [Server thread/INFO]: Closing Thread Pool
[14:40:22] [Server thread/INFO]: Closing Server
